<?xml version="1.0" encoding="UTF-8"?>
<testsuites>
  <testsuite name="Sign Up Test Suite" timestamp="2023-05-04T21:16:03" time="21.277" tests="1" failures="1" errors="1" skipped="0">
    <properties>
      <property name="specId" value="0"/>
      <property name="suiteName" value="Sign Up Test Suite"/>
      <property name="capabilities" value="chrome.113_0_5672_63.windows"/>
      <property name="file" value="file:///E:/HCMUTE/video-editing/client/src/test/specs/testSignUp.js"/>
    </properties>
    <testcase classname="chrome.113_0_5672_63.windows.Sign_Up_Test_Suite" name="should sign up successfully" time="21.263">
      <failure/>
      <error message="unknown error: net::ERR_CONNECTION_REFUSED&#xA;  (Session info: chrome=113.0.5672.63)"/>
      <system-out><![CDATA[
COMMAND: POST /session/965bfe540ae6c296d9dbc092fb1b5cd4/window/maximize - {}
COMMAND: POST /session/965bfe540ae6c296d9dbc092fb1b5cd4/url - {"url":"http://localhost:3000/signUp"}
RESULT: {}
COMMAND: GET /session/965bfe540ae6c296d9dbc092fb1b5cd4/screenshot - {}
COMMAND: DELETE /session/965bfe540ae6c296d9dbc092fb1b5cd4 - {}
RESULT: {}
RESULT: {}
]]></system-out>
      <system-err><![CDATA[
unknown error: unknown error: net::ERR_CONNECTION_REFUSED
  (Session info: chrome=113.0.5672.63)
    at processTicksAndRejections (node:internal/process/task_queues:96:5)
    at async Context.<anonymous> (file:///E:/HCMUTE/video-editing/client/src/test/specs/testSignUp.js:3:5)
]]></system-err>
    </testcase>
  </testsuite>
</testsuites>